{"C:\\Users\\devjo\\workspaces\\www\\byts\\toths.ts": {"path":"C:\\Users\\devjo\\workspaces\\www\\byts\\toths.ts","statementMap":{"0":{"start":{"line":1,"column":0},"end":{"line":1,"column":48}},"1":{"start":{"line":2,"column":0},"end":{"line":2,"column":54}},"2":{"start":{"line":3,"column":0},"end":{"line":3,"column":64}},"3":{"start":{"line":4,"column":0},"end":{"line":4,"column":54}},"4":{"start":{"line":8,"column":18},"end":{"line":8,"column":53}},"5":{"start":{"line":10,"column":22},"end":{"line":19,"column":null}},"6":{"start":{"line":12,"column":29},"end":{"line":12,"column":80}},"7":{"start":{"line":13,"column":29},"end":{"line":13,"column":80}},"8":{"start":{"line":14,"column":30},"end":{"line":14,"column":82}},"9":{"start":{"line":16,"column":4},"end":{"line":16,"column":51}},"10":{"start":{"line":21,"column":0},"end":{"line":21,"column":21}}},"fnMap":{"0":{"name":"(anonymous_0)","decl":{"start":{"line":12,"column":8},"end":{"line":12,"column":9}},"loc":{"start":{"line":12,"column":29},"end":{"line":12,"column":80}}},"1":{"name":"(anonymous_1)","decl":{"start":{"line":13,"column":8},"end":{"line":13,"column":9}},"loc":{"start":{"line":13,"column":29},"end":{"line":13,"column":80}}},"2":{"name":"(anonymous_2)","decl":{"start":{"line":14,"column":9},"end":{"line":14,"column":10}},"loc":{"start":{"line":14,"column":30},"end":{"line":14,"column":82}}},"3":{"name":"(anonymous_3)","decl":{"start":{"line":15,"column":42},"end":{"line":15,"column":43}},"loc":{"start":{"line":15,"column":71},"end":{"line":17,"column":3}}}},"branchMap":{"0":{"loc":{"start":{"line":16,"column":4},"end":{"line":16,"column":50}},"type":"cond-expr","locations":[{"start":{"line":16,"column":21},"end":{"line":16,"column":43}},{"start":{"line":16,"column":46},"end":{"line":16,"column":50}}]}},"s":{"0":3,"1":3,"2":3,"3":3,"4":3,"5":3,"6":1,"7":1,"8":1,"9":2,"10":3},"f":{"0":1,"1":1,"2":1,"3":2},"b":{"0":[2,0]}}
,"C:\\Users\\devjo\\workspaces\\www\\byts\\src\\adapters\\api\\index.ts": {"path":"C:\\Users\\devjo\\workspaces\\www\\byts\\src\\adapters\\api\\index.ts","statementMap":{"0":{"start":{"line":1,"column":0},"end":{"line":1,"column":47}},"1":{"start":{"line":3,"column":13},"end":{"line":3,"column":34}}},"fnMap":{},"branchMap":{},"s":{"0":3,"1":3},"f":{},"b":{}}
,"C:\\Users\\devjo\\workspaces\\www\\byts\\src\\adapters\\env\\index.ts": {"path":"C:\\Users\\devjo\\workspaces\\www\\byts\\src\\adapters\\env\\index.ts","statementMap":{"0":{"start":{"line":1,"column":0},"end":{"line":1,"column":48}},"1":{"start":{"line":4,"column":32},"end":{"line":7,"column":null}},"2":{"start":{"line":5,"column":20},"end":{"line":5,"column":39}},"3":{"start":{"line":6,"column":30},"end":{"line":6,"column":59}},"4":{"start":{"line":9,"column":9},"end":{"line":9,"column":19}}},"fnMap":{"0":{"name":"(anonymous_0)","decl":{"start":{"line":5,"column":7},"end":{"line":5,"column":8}},"loc":{"start":{"line":5,"column":20},"end":{"line":5,"column":39}}},"1":{"name":"(anonymous_1)","decl":{"start":{"line":6,"column":7},"end":{"line":6,"column":8}},"loc":{"start":{"line":6,"column":30},"end":{"line":6,"column":59}}}},"branchMap":{},"s":{"0":3,"1":3,"2":1,"3":2,"4":3},"f":{"0":1,"1":2},"b":{}}
,"C:\\Users\\devjo\\workspaces\\www\\byts\\src\\adapters\\log\\index.ts": {"path":"C:\\Users\\devjo\\workspaces\\www\\byts\\src\\adapters\\log\\index.ts","statementMap":{"0":{"start":{"line":3,"column":0},"end":{"line":3,"column":57}},"1":{"start":{"line":5,"column":13},"end":{"line":9,"column":null}},"2":{"start":{"line":6,"column":48},"end":{"line":6,"column":75}},"3":{"start":{"line":7,"column":48},"end":{"line":7,"column":75}},"4":{"start":{"line":8,"column":49},"end":{"line":8,"column":77}}},"fnMap":{"0":{"name":"(anonymous_0)","decl":{"start":{"line":6,"column":8},"end":{"line":6,"column":9}},"loc":{"start":{"line":6,"column":48},"end":{"line":6,"column":75}}},"1":{"name":"(anonymous_1)","decl":{"start":{"line":7,"column":8},"end":{"line":7,"column":9}},"loc":{"start":{"line":7,"column":48},"end":{"line":7,"column":75}}},"2":{"name":"(anonymous_2)","decl":{"start":{"line":8,"column":9},"end":{"line":8,"column":10}},"loc":{"start":{"line":8,"column":49},"end":{"line":8,"column":77}}}},"branchMap":{},"s":{"0":3,"1":3,"2":1,"3":1,"4":1},"f":{"0":1,"1":1,"2":1},"b":{}}
,"C:\\Users\\devjo\\workspaces\\www\\byts\\src\\adapters\\settings\\index.ts": {"path":"C:\\Users\\devjo\\workspaces\\www\\byts\\src\\adapters\\settings\\index.ts","statementMap":{"0":{"start":{"line":2,"column":0},"end":{"line":2,"column":84}},"1":{"start":{"line":3,"column":0},"end":{"line":3,"column":20}},"2":{"start":{"line":6,"column":31},"end":{"line":33,"column":1}},"3":{"start":{"line":7,"column":2},"end":{"line":32,"column":null}},"4":{"start":{"line":9,"column":27},"end":{"line":9,"column":71}},"5":{"start":{"line":11,"column":45},"end":{"line":11,"column":69}},"6":{"start":{"line":13,"column":29},"end":{"line":13,"column":47}},"7":{"start":{"line":15,"column":6},"end":{"line":15,"column":33}},"8":{"start":{"line":17,"column":6},"end":{"line":19,"column":null}},"9":{"start":{"line":18,"column":8},"end":{"line":18,"column":36}},"10":{"start":{"line":21,"column":6},"end":{"line":21,"column":26}},"11":{"start":{"line":24,"column":33},"end":{"line":24,"column":54}},"12":{"start":{"line":26,"column":6},"end":{"line":28,"column":null}},"13":{"start":{"line":27,"column":8},"end":{"line":27,"column":43}},"14":{"start":{"line":30,"column":6},"end":{"line":30,"column":35}},"15":{"start":{"line":6,"column":13},"end":{"line":6,"column":31}}},"fnMap":{"0":{"name":"(anonymous_1)","decl":{"start":{"line":6,"column":31},"end":{"line":6,"column":32}},"loc":{"start":{"line":6,"column":142},"end":{"line":33,"column":1}}},"1":{"name":"(anonymous_2)","decl":{"start":{"line":8,"column":12},"end":{"line":8,"column":13}},"loc":{"start":{"line":8,"column":29},"end":{"line":22,"column":5}}},"2":{"name":"(anonymous_3)","decl":{"start":{"line":23,"column":21},"end":{"line":23,"column":24}},"loc":{"start":{"line":23,"column":26},"end":{"line":31,"column":5}}}},"branchMap":{"0":{"loc":{"start":{"line":17,"column":6},"end":{"line":19,"column":null}},"type":"if","locations":[{"start":{"line":17,"column":6},"end":{"line":19,"column":null}}]},"1":{"loc":{"start":{"line":26,"column":6},"end":{"line":28,"column":null}},"type":"if","locations":[{"start":{"line":26,"column":6},"end":{"line":28,"column":null}}]}},"s":{"0":3,"1":3,"2":3,"3":6,"4":1,"5":1,"6":1,"7":1,"8":1,"9":1,"10":1,"11":4,"12":4,"13":1,"14":4,"15":3},"f":{"0":6,"1":1,"2":4},"b":{"0":[1],"1":[1]}}
,"C:\\Users\\devjo\\workspaces\\www\\byts\\src\\core\\api\\index.ts": {"path":"C:\\Users\\devjo\\workspaces\\www\\byts\\src\\core\\api\\index.ts","statementMap":{"0":{"start":{"line":1,"column":0},"end":{"line":1,"column":30}},"1":{"start":{"line":3,"column":12},"end":{"line":3,"column":21}},"2":{"start":{"line":5,"column":0},"end":{"line":5,"column":24}},"3":{"start":{"line":7,"column":13},"end":{"line":7,"column":27}}},"fnMap":{},"branchMap":{},"s":{"0":4,"1":4,"2":4,"3":4},"f":{},"b":{}}
,"C:\\Users\\devjo\\workspaces\\www\\byts\\src\\core\\env\\index.ts": {"path":"C:\\Users\\devjo\\workspaces\\www\\byts\\src\\core\\env\\index.ts","statementMap":{"0":{"start":{"line":3,"column":0},"end":{"line":3,"column":53}},"1":{"start":{"line":6,"column":2},"end":{"line":6,"column":30}},"2":{"start":{"line":15,"column":9},"end":{"line":15,"column":15}},"3":{"start":{"line":10,"column":2},"end":{"line":10,"column":81}},"4":{"start":{"line":10,"column":35},"end":{"line":10,"column":81}},"5":{"start":{"line":12,"column":2},"end":{"line":12,"column":34}},"6":{"start":{"line":15,"column":17},"end":{"line":15,"column":23}}},"fnMap":{"0":{"name":"envGet","decl":{"start":{"line":5,"column":9},"end":{"line":5,"column":15}},"loc":{"start":{"line":5,"column":40},"end":{"line":7,"column":1}}},"1":{"name":"envSet","decl":{"start":{"line":9,"column":9},"end":{"line":9,"column":15}},"loc":{"start":{"line":9,"column":50},"end":{"line":13,"column":1}}}},"branchMap":{"0":{"loc":{"start":{"line":10,"column":2},"end":{"line":10,"column":81}},"type":"if","locations":[{"start":{"line":10,"column":2},"end":{"line":10,"column":81}}]}},"s":{"0":3,"1":1,"2":3,"3":2,"4":1,"5":1,"6":3},"f":{"0":1,"1":2},"b":{"0":[1]}}
,"C:\\Users\\devjo\\workspaces\\www\\byts\\src\\core\\log\\index.ts": {"path":"C:\\Users\\devjo\\workspaces\\www\\byts\\src\\core\\log\\index.ts","statementMap":{"0":{"start":{"line":3,"column":0},"end":{"line":3,"column":53}},"1":{"start":{"line":7,"column":23},"end":{"line":7,"column":97}},"2":{"start":{"line":7,"column":44},"end":{"line":7,"column":97}},"3":{"start":{"line":10,"column":26},"end":{"line":10,"column":34}},"4":{"start":{"line":11,"column":2},"end":{"line":13,"column":null}},"5":{"start":{"line":12,"column":4},"end":{"line":12,"column":28}},"6":{"start":{"line":15,"column":2},"end":{"line":17,"column":null}},"7":{"start":{"line":16,"column":4},"end":{"line":16,"column":37}},"8":{"start":{"line":19,"column":2},"end":{"line":19,"column":17}},"9":{"start":{"line":9,"column":0},"end":{"line":9,"column":16}},"10":{"start":{"line":23,"column":2},"end":{"line":23,"column":26}},"11":{"start":{"line":24,"column":2},"end":{"line":24,"column":17}},"12":{"start":{"line":22,"column":0},"end":{"line":22,"column":16}},"13":{"start":{"line":28,"column":2},"end":{"line":28,"column":26}},"14":{"start":{"line":29,"column":2},"end":{"line":29,"column":17}},"15":{"start":{"line":27,"column":0},"end":{"line":27,"column":16}}},"fnMap":{"0":{"name":"(anonymous_0)","decl":{"start":{"line":7,"column":23},"end":{"line":7,"column":24}},"loc":{"start":{"line":7,"column":44},"end":{"line":7,"column":97}}},"1":{"name":"info","decl":{"start":{"line":9,"column":16},"end":{"line":9,"column":20}},"loc":{"start":{"line":9,"column":56},"end":{"line":20,"column":1}}},"2":{"name":"warn","decl":{"start":{"line":22,"column":16},"end":{"line":22,"column":20}},"loc":{"start":{"line":22,"column":56},"end":{"line":25,"column":1}}},"3":{"name":"error","decl":{"start":{"line":27,"column":16},"end":{"line":27,"column":21}},"loc":{"start":{"line":27,"column":57},"end":{"line":30,"column":1}}}},"branchMap":{"0":{"loc":{"start":{"line":11,"column":2},"end":{"line":13,"column":null}},"type":"if","locations":[{"start":{"line":11,"column":2},"end":{"line":13,"column":null}}]},"1":{"loc":{"start":{"line":15,"column":2},"end":{"line":17,"column":null}},"type":"if","locations":[{"start":{"line":15,"column":2},"end":{"line":17,"column":null}}]}},"s":{"0":3,"1":3,"2":3,"3":1,"4":1,"5":1,"6":1,"7":0,"8":1,"9":3,"10":1,"11":1,"12":3,"13":1,"14":1,"15":3},"f":{"0":3,"1":1,"2":1,"3":1},"b":{"0":[1],"1":[0]}}
,"C:\\Users\\devjo\\workspaces\\www\\byts\\src\\core\\log\\utils\\create-log-file.ts": {"path":"C:\\Users\\devjo\\workspaces\\www\\byts\\src\\core\\log\\utils\\create-log-file.ts","statementMap":{"0":{"start":{"line":2,"column":0},"end":{"line":2,"column":20}},"1":{"start":{"line":3,"column":0},"end":{"line":3,"column":45}},"2":{"start":{"line":4,"column":0},"end":{"line":4,"column":45}},"3":{"start":{"line":7,"column":22},"end":{"line":7,"column":33}},"4":{"start":{"line":9,"column":18},"end":{"line":9,"column":180}},"5":{"start":{"line":11,"column":2},"end":{"line":14,"column":16}},"6":{"start":{"line":12,"column":4},"end":{"line":12,"column":39}},"7":{"start":{"line":13,"column":4},"end":{"line":13,"column":16}},"8":{"start":{"line":16,"column":2},"end":{"line":16,"column":15}},"9":{"start":{"line":6,"column":0},"end":{"line":6,"column":16}}},"fnMap":{"0":{"name":"createFile","decl":{"start":{"line":6,"column":16},"end":{"line":6,"column":26}},"loc":{"start":{"line":6,"column":69},"end":{"line":17,"column":1}}}},"branchMap":{"0":{"loc":{"start":{"line":9,"column":18},"end":{"line":9,"column":180}},"type":"cond-expr","locations":[{"start":{"line":9,"column":28},"end":{"line":9,"column":99}},{"start":{"line":9,"column":102},"end":{"line":9,"column":180}}]}},"s":{"0":4,"1":4,"2":4,"3":1,"4":1,"5":1,"6":1,"7":1,"8":0,"9":4},"f":{"0":1},"b":{"0":[1,0]}}
,"C:\\Users\\devjo\\workspaces\\www\\byts\\src\\core\\settings\\index.ts": {"path":"C:\\Users\\devjo\\workspaces\\www\\byts\\src\\core\\settings\\index.ts","statementMap":{"0":{"start":{"line":5,"column":2},"end":{"line":5,"column":18}},"1":{"start":{"line":4,"column":0},"end":{"line":4,"column":16}},"2":{"start":{"line":9,"column":42},"end":{"line":14,"column":null}},"3":{"start":{"line":16,"column":2},"end":{"line":16,"column":25}},"4":{"start":{"line":8,"column":0},"end":{"line":8,"column":16}}},"fnMap":{"0":{"name":"importSettingsCore","decl":{"start":{"line":4,"column":16},"end":{"line":4,"column":34}},"loc":{"start":{"line":4,"column":58},"end":{"line":6,"column":1}}},"1":{"name":"defaultSettingsCore","decl":{"start":{"line":8,"column":16},"end":{"line":8,"column":35}},"loc":{"start":{"line":8,"column":35},"end":{"line":17,"column":1}}}},"branchMap":{},"s":{"0":0,"1":3,"2":8,"3":8,"4":3},"f":{"0":0,"1":8},"b":{}}
,"C:\\Users\\devjo\\workspaces\\www\\byts\\src\\utils\\dateNow.ts": {"path":"C:\\Users\\devjo\\workspaces\\www\\byts\\src\\utils\\dateNow.ts","statementMap":{"0":{"start":{"line":2,"column":15},"end":{"line":2,"column":25}},"1":{"start":{"line":4,"column":18},"end":{"line":4,"column":60}},"2":{"start":{"line":5,"column":19},"end":{"line":5,"column":62}},"3":{"start":{"line":6,"column":15},"end":{"line":6,"column":44}},"4":{"start":{"line":8,"column":2},"end":{"line":8,"column":38}},"5":{"start":{"line":1,"column":0},"end":{"line":1,"column":24}}},"fnMap":{"0":{"name":"DateNow","decl":{"start":{"line":1,"column":24},"end":{"line":1,"column":31}},"loc":{"start":{"line":1,"column":31},"end":{"line":9,"column":1}}}},"branchMap":{},"s":{"0":1,"1":1,"2":1,"3":1,"4":1,"5":4},"f":{"0":1},"b":{}}
,"C:\\Users\\devjo\\workspaces\\www\\byts\\src\\utils\\timeNow.ts": {"path":"C:\\Users\\devjo\\workspaces\\www\\byts\\src\\utils\\timeNow.ts","statementMap":{"0":{"start":{"line":2,"column":15},"end":{"line":2,"column":25}},"1":{"start":{"line":4,"column":19},"end":{"line":4,"column":45}},"2":{"start":{"line":5,"column":21},"end":{"line":5,"column":49}},"3":{"start":{"line":6,"column":21},"end":{"line":6,"column":49}},"4":{"start":{"line":7,"column":26},"end":{"line":7,"column":59}},"5":{"start":{"line":9,"column":2},"end":{"line":9,"column":63}},"6":{"start":{"line":1,"column":0},"end":{"line":1,"column":24}}},"fnMap":{"0":{"name":"TimeNow","decl":{"start":{"line":1,"column":24},"end":{"line":1,"column":31}},"loc":{"start":{"line":1,"column":31},"end":{"line":10,"column":1}}}},"branchMap":{},"s":{"0":1,"1":1,"2":1,"3":1,"4":1,"5":1,"6":4},"f":{"0":1},"b":{}}
}
