TN:
SF:toths.ts
FN:12,(anonymous_0)
FN:13,(anonymous_1)
FN:14,(anonymous_2)
FN:15,(anonymous_3)
FNF:4
FNH:4
FNDA:1,(anonymous_0)
FNDA:1,(anonymous_1)
FNDA:1,(anonymous_2)
FNDA:2,(anonymous_3)
DA:1,3
DA:2,3
DA:3,3
DA:4,3
DA:8,3
DA:10,3
DA:12,1
DA:13,1
DA:14,1
DA:16,2
DA:21,3
LF:11
LH:11
BRDA:16,0,0,2
BRDA:16,0,1,0
BRF:2
BRH:1
end_of_record
TN:
SF:src\adapters\api\index.ts
FNF:0
FNH:0
DA:1,3
DA:3,3
LF:2
LH:2
BRF:0
BRH:0
end_of_record
TN:
SF:src\adapters\env\index.ts
FN:5,(anonymous_0)
FN:6,(anonymous_1)
FNF:2
FNH:2
FNDA:1,(anonymous_0)
FNDA:2,(anonymous_1)
DA:1,3
DA:4,3
DA:5,1
DA:6,2
DA:9,3
LF:5
LH:5
BRF:0
BRH:0
end_of_record
TN:
SF:src\adapters\log\index.ts
FN:6,(anonymous_0)
FN:7,(anonymous_1)
FN:8,(anonymous_2)
FNF:3
FNH:3
FNDA:1,(anonymous_0)
FNDA:1,(anonymous_1)
FNDA:1,(anonymous_2)
DA:3,3
DA:5,3
DA:6,1
DA:7,1
DA:8,1
LF:5
LH:5
BRF:0
BRH:0
end_of_record
TN:
SF:src\adapters\settings\index.ts
FN:6,(anonymous_1)
FN:8,(anonymous_2)
FN:23,(anonymous_3)
FNF:3
FNH:3
FNDA:6,(anonymous_1)
FNDA:1,(anonymous_2)
FNDA:4,(anonymous_3)
DA:2,3
DA:3,3
DA:6,3
DA:7,6
DA:9,1
DA:11,1
DA:13,1
DA:15,1
DA:17,1
DA:18,1
DA:21,1
DA:24,4
DA:26,4
DA:27,1
DA:30,4
LF:15
LH:15
BRDA:17,0,0,1
BRDA:26,1,0,1
BRF:2
BRH:2
end_of_record
TN:
SF:src\core\api\index.ts
FNF:0
FNH:0
DA:1,4
DA:3,4
DA:5,4
DA:7,4
LF:4
LH:4
BRF:0
BRH:0
end_of_record
TN:
SF:src\core\env\index.ts
FN:5,envGet
FN:9,envSet
FNF:2
FNH:2
FNDA:1,envGet
FNDA:2,envSet
DA:3,3
DA:6,1
DA:10,2
DA:12,1
DA:15,3
LF:5
LH:5
BRDA:10,0,0,1
BRF:1
BRH:1
end_of_record
TN:
SF:src\core\log\index.ts
FN:7,(anonymous_0)
FN:9,info
FN:22,warn
FN:27,error
FNF:4
FNH:4
FNDA:3,(anonymous_0)
FNDA:1,info
FNDA:1,warn
FNDA:1,error
DA:3,3
DA:7,3
DA:9,3
DA:10,1
DA:11,1
DA:12,1
DA:15,1
DA:16,0
DA:19,1
DA:22,3
DA:23,1
DA:24,1
DA:27,3
DA:28,1
DA:29,1
LF:15
LH:14
BRDA:11,0,0,1
BRDA:15,1,0,0
BRF:2
BRH:1
end_of_record
TN:
SF:src\core\log\utils\create-log-file.ts
FN:6,createFile
FNF:1
FNH:1
FNDA:1,createFile
DA:2,4
DA:3,4
DA:4,4
DA:6,4
DA:7,1
DA:9,1
DA:11,1
DA:12,1
DA:13,1
DA:16,0
LF:10
LH:9
BRDA:9,0,0,1
BRDA:9,0,1,0
BRF:2
BRH:1
end_of_record
TN:
SF:src\core\settings\index.ts
FN:4,importSettingsCore
FN:8,defaultSettingsCore
FNF:2
FNH:1
FNDA:0,importSettingsCore
FNDA:8,defaultSettingsCore
DA:4,3
DA:5,0
DA:8,3
DA:9,8
DA:16,8
LF:5
LH:4
BRF:0
BRH:0
end_of_record
TN:
SF:src\utils\dateNow.ts
FN:1,DateNow
FNF:1
FNH:1
FNDA:1,DateNow
DA:1,4
DA:2,1
DA:4,1
DA:5,1
DA:6,1
DA:8,1
LF:6
LH:6
BRF:0
BRH:0
end_of_record
TN:
SF:src\utils\timeNow.ts
FN:1,TimeNow
FNF:1
FNH:1
FNDA:1,TimeNow
DA:1,4
DA:2,1
DA:4,1
DA:5,1
DA:6,1
DA:7,1
DA:9,1
LF:7
LH:7
BRF:0
BRH:0
end_of_record
